[backblue.gif]
[fade.gif]
[index.html]
[game.busidol.com/BUSIDOL_GAME_GLO/js/jquery-2.1.3.min.js]
[game.busidol.com/BUSIDOL_GAME_GLO/js/util_Function4web3337.js]
[maxcdn.bootstrapcdn.com/bootstrap/3.3.2/js/bootstrap.min.js]
[game.busidol.com/ELDORADO_WEB/GoogleAnalytics/google_analytics.js]
[pagead2.googlesyndication.com/pagead/js/f0606.txt]
[game.busidol.com/BUSIDOL_GAME_GLO/image/intro_bg.jpg]
[game.busidol.com/BUSIDOL_GAME_GLO/login_page78aa.html]
[game.busidol.com/BUSIDOL_GAME_GLO/css/bootstrap.min.css]
[game.busidol.com/BUSIDOL_GAME_GLO/css/Main.css]
[game.busidol.com/BUSIDOL_GAME_GLO/fonts/glyphicons-halflings-regular.html]
[game.busidol.com/BUSIDOL_GAME_GLO/fonts/glyphicons-halflings-regulard41d.html]
[game.busidol.com/BUSIDOL_GAME_GLO/fonts/glyphicons-halflings-regular-2.html]
[game.busidol.com/BUSIDOL_GAME_GLO/fonts/glyphicons-halflings-regular-3.html]
[game.busidol.com/BUSIDOL_GAME_GLO/fonts/glyphicons-halflings-regular-4.html]
[game.busidol.com/BUSIDOL_GAME_GLO/fonts/glyphicons-halflings-regular-5.html]
[game.busidol.com/BUSIDOL_GAME_GLO/image/facebook/title_prebetatest.html]
[game.busidol.com/BUSIDOL_GAME_GLO/image/ui/0_common/co_leftbt.html]
[game.busidol.com/BUSIDOL_GAME_GLO/image/ui/2_selectmap/sm_returnIcon.html]
[game.busidol.com/BUSIDOL_GAME_GLO/image/ui/0_common/co_leftbt_focus.html]
[game.busidol.com/BUSIDOL_GAME_GLO/image/ui/0_common/co_rightbt_focus.html]
[game.busidol.com/BUSIDOL_GAME_GLO/image/ui/0_common/co_rightbt.html]
[game.busidol.com/BUSIDOL_GAME_GLO/image/ui/1_mainmenu/mm_startIcon.html]
[game.busidol.com/BUSIDOL_GAME_GLO/image/ui/1_mainmenu/mm_mainbt.html]
