[backblue.gif]
[fade.gif]
[index.html]
[game.busidol.com/BUSIDOL_GAME_GLO/js/jquery-2.1.3.min.js]
[game.busidol.com/BUSIDOL_GAME_GLO/js/util_Function4web688e.js]
[game.busidol.com/ELDORADO_WEB/GoogleAnalytics/google_analytics.js]
[maxcdn.bootstrapcdn.com/bootstrap/3.3.2/js/bootstrap.min.js]
[pagead2.googlesyndication.com/pagead/js/f0606.txt]
[game.busidol.com/BUSIDOL_GAME_GLO/image/intro_bg.jpg]
[game.busidol.com/BUSIDOL_GAME_GLO/image/app_icon/appicon_eldorado_eng.png]
[t1.daumcdn.net/kas/static/ba.min.js]
[game.busidol.com/BUSIDOL_GAME_GLO/image/app_icon/appicon_omok_eng.png]
[game.busidol.com/BUSIDOL_GAME_GLO/image/app_icon/appicon_janggi_eng.png]
[game.busidol.com/BUSIDOL_GAME_GLO/image/app_icon/appicon_slidingpuzzle_eng.png]
[game.busidol.com/BUSIDOL_GAME_GLO/image/app_icon/appicon_jumpjump_eng.png]
[game.busidol.com/BUSIDOL_GAME_GLO/login_page.html]
[game.busidol.com/BUSIDOL_GAME_GLO/css/bootstrap.min.css]
[game.busidol.com/BUSIDOL_GAME_GLO/css/Main.css]
[game.busidol.com/BUSIDOL_GAME_GLO/policy_eng.html]
[game.busidol.com/BUSIDOL_GAME_GLO/service_eng.html]
[game.busidol.com/BUSIDOL_GAME_GLO/fonts/glyphicons-halflings-regular.html]
[game.busidol.com/BUSIDOL_GAME_GLO/fonts/glyphicons-halflings-regulard41d.html]
[game.busidol.com/BUSIDOL_GAME_GLO/fonts/glyphicons-halflings-regular-2.html]
[game.busidol.com/BUSIDOL_GAME_GLO/fonts/glyphicons-halflings-regular-3.html]
[game.busidol.com/BUSIDOL_GAME_GLO/fonts/glyphicons-halflings-regular-4.html]
[game.busidol.com/BUSIDOL_GAME_GLO/fonts/glyphicons-halflings-regular-5.html]
[game.busidol.com/BUSIDOL_GAME_GLO/image/facebook/title_prebetatest.html]
[game.busidol.com/BUSIDOL_GAME_GLO/image/ui/0_common/co_leftbt.html]
[game.busidol.com/BUSIDOL_GAME_GLO/image/ui/2_selectmap/sm_returnIcon.html]
[game.busidol.com/BUSIDOL_GAME_GLO/image/ui/0_common/co_leftbt_focus.html]
[game.busidol.com/BUSIDOL_GAME_GLO/image/ui/0_common/co_rightbt_focus.html]
[game.busidol.com/BUSIDOL_GAME_GLO/image/ui/0_common/co_rightbt.html]
[game.busidol.com/BUSIDOL_GAME_GLO/image/ui/1_mainmenu/mm_startIcon.html]
[game.busidol.com/BUSIDOL_GAME_GLO/image/ui/1_mainmenu/mm_mainbt.html]
[game.busidol.com/BUSIDOL_GAME_GLO/policy.html]
[game.busidol.com/BUSIDOL_GAME_GLO/서비스이용약관(영문).files/filelist.html]
[game.busidol.com/BUSIDOL_GAME_GLO/서비스이용약관(영문).files/item0001.html]
[game.busidol.com/BUSIDOL_GAME_GLO/서비스이용약관(영문).files/themedata.html]
[game.busidol.com/BUSIDOL_GAME_GLO/서비스이용약관(영문).files/colorschememapping.html]
[game.busidol.com/BUSIDOL_GAME_GLO/서비스이용약관.html]
[game.busidol.com/BUSIDOL_GAME_GLO/service.html]
[game.busidol.com/BUSIDOL_GAME_GLO/서비스이용약관(한글).files/filelist.html]
[game.busidol.com/BUSIDOL_GAME_GLO/서비스이용약관(한글).files/item0001.html]
[game.busidol.com/BUSIDOL_GAME_GLO/서비스이용약관(한글).files/themedata.html]
[game.busidol.com/BUSIDOL_GAME_GLO/서비스이용약관(한글).files/colorschememapping.html]
